<?xml version="1.0" encoding="UTF-8"?>
<!-- Generated by org.testng.reporters.JUnitReportReporter -->
<testsuite hostname="LAPTOP-74RFISKR" failures="0" tests="2" name="DipaliBhavsarSelenium.tests.ErrorValidation" time="7.625" errors="0" timestamp="2024-02-12T18:30:36 IST" skipped="0">
  <testcase classname="DipaliBhavsarSelenium.tests.ErrorValidation" name="ProductErrorValidation" time="3.178"/>
  <system-out/>
  <testcase classname="DipaliBhavsarSelenium.tests.ErrorValidation" name="LogineErrorValidation" time="4.447"/>
  <system-out/>
</testsuite> <!-- DipaliBhavsarSelenium.tests.ErrorValidation -->
