<?xml version="1.0" encoding="UTF-8"?>
<!-- Generated by org.testng.reporters.JUnitReportReporter -->
<testsuite hostname="LAPTOP-74RFISKR" failures="0" tests="3" name="DipaliBhavsarSelenium.tests.StandAloneTest" time="30.865" errors="0" timestamp="2024-02-12T17:26:52 IST" skipped="0">
  <testcase classname="DipaliBhavsarSelenium.tests.StandAloneTest" name="SubmitOrder" time="13.007"/>
  <system-out/>
  <testcase classname="DipaliBhavsarSelenium.tests.StandAloneTest" name="OrderHistoryTest" time="3.717"/>
  <system-out/>
  <testcase classname="DipaliBhavsarSelenium.tests.StandAloneTest" name="SubmitOrder" time="14.141"/>
  <system-out/>
</testsuite> <!-- DipaliBhavsarSelenium.tests.StandAloneTest -->
