<?xml version="1.0" encoding="UTF-8"?>
<!-- Generated by org.testng.reporters.JUnitReportReporter -->
<testsuite hostname="N7YDGR93" failures="0" tests="1" name="DipaliBhavsarSelenium.test.ErrorValidation" time="3.836" errors="0" timestamp="2024-01-11T16:46:06 IST" skipped="0">
  <testcase classname="DipaliBhavsarSelenium.test.ErrorValidation" name="SubmitOrder" time="3.836"/>
</testsuite> <!-- DipaliBhavsarSelenium.test.ErrorValidation -->
