<?xml version="1.0" encoding="UTF-8"?>
<!-- Generated by org.testng.reporters.JUnitReportReporter -->
<testsuite hostname="LAPTOP-74RFISKR" failures="0" tests="1" name="Cucumber.TestNgTestRunner" time="15.471" errors="0" timestamp="2024-02-13T12:37:01 IST" skipped="0">
  <testcase classname="Cucumber.TestNgTestRunner" name="runScenario" time="15.471"/>
  <system-out/>
</testsuite> <!-- Cucumber.TestNgTestRunner -->
