<?xml version="1.0" encoding="UTF-8"?>
<!-- Generated by org.testng.reporters.JUnitReportReporter -->
<testsuite hostname="N7YDGR93" failures="0" tests="1" name="DipaliBhavsarSelenium.test.StandAloneTest" time="17.235" errors="0" timestamp="2024-01-11T16:12:44 IST" skipped="0">
  <testcase classname="DipaliBhavsarSelenium.test.StandAloneTest" name="SubmitOrder" time="17.235"/>
</testsuite> <!-- DipaliBhavsarSelenium.test.StandAloneTest -->
