<?xml version="1.0" encoding="UTF-8"?>
<!-- Generated by org.testng.reporters.JUnitReportReporter -->
<testsuite hostname="LAPTOP-74RFISKR" failures="0" tests="1" name="Cucumber.TestNgTestRunner" time="16.069" errors="0" timestamp="2024-02-13T12:50:39 IST" skipped="0">
  <testcase classname="Cucumber.TestNgTestRunner" name="runScenario" time="16.069"/>
</testsuite> <!-- Cucumber.TestNgTestRunner -->
