<?xml version="1.0" encoding="UTF-8"?>
<!-- Generated by org.testng.reporters.JUnitReportReporter -->
<testsuite hostname="LAPTOP-74RFISKR" failures="0" tests="2" name="DipaliBhavsarSelenium.tests.ErrorValidation" time="6.832" errors="0" timestamp="2024-02-12T13:17:44 IST" skipped="0">
  <testcase classname="DipaliBhavsarSelenium.tests.ErrorValidation" name="ProductErrorValidation" time="3.646"/>
  <testcase classname="DipaliBhavsarSelenium.tests.ErrorValidation" name="LogineErrorValidation" time="3.186"/>
</testsuite> <!-- DipaliBhavsarSelenium.tests.ErrorValidation -->
